<?xml version="1.0" encoding="UTF-8"?>
<!-- Generated by org.testng.reporters.JUnitXMLReporter -->
<testsuite ignored="0" hostname="Mateen-PC" failures="0" tests="7" name="Default test" time="8.58" errors="0" timestamp="2020-05-29T12:36:22 IST">
  <testcase classname="com.RestAssured.GetMethode" name="getListUsers" time="3.798"/>
  <testcase classname="com.RestAssured.GetMethode" name="getSingleUser" time="0.282"/>
  <testcase classname="com.RestAssured.GetMethode" name="SingleUserNotFound" time="0.284"/>
  <testcase classname="com.RestAssured.GetMethode" name="ListResource" time="0.267"/>
  <testcase classname="com.RestAssured.GetMethode" name="SingleResource" time="0.27"/>
  <testcase classname="com.RestAssured.GetMethode" name="SingleResourceNotFound" time="0.866"/>
  <testcase classname="com.RestAssured.GetMethode" name="delayResponse" time="2.697"/>
</testsuite> <!-- Default test -->
