<?xml version="1.0" encoding="UTF-8"?>
<testng-results ignored="0" total="7" passed="7" failed="0" skipped="0">
  <reporter-output>
  </reporter-output>
  <suite started-at="2020-05-29T12:36:13 IST" name="Default suite" finished-at="2020-05-29T12:36:22 IST" duration-ms="8580">
    <groups>
    </groups>
    <test started-at="2020-05-29T12:36:13 IST" name="Default test" finished-at="2020-05-29T12:36:22 IST" duration-ms="8580">
      <class name="com.RestAssured.GetMethode">
        <test-method signature="getListUsers()[pri:1, instance:com.RestAssured.GetMethode@4fe767f3]" started-at="2020-05-29T12:36:13 IST" name="getListUsers" finished-at="2020-05-29T12:36:17 IST" duration-ms="3798" status="PASS">
          <reporter-output>
          </reporter-output>
        </test-method> <!-- getListUsers -->
        <test-method signature="getSingleUser()[pri:2, instance:com.RestAssured.GetMethode@4fe767f3]" started-at="2020-05-29T12:36:17 IST" name="getSingleUser" finished-at="2020-05-29T12:36:17 IST" duration-ms="282" status="PASS">
          <reporter-output>
          </reporter-output>
        </test-method> <!-- getSingleUser -->
        <test-method signature="SingleUserNotFound()[pri:3, instance:com.RestAssured.GetMethode@4fe767f3]" started-at="2020-05-29T12:36:17 IST" name="SingleUserNotFound" finished-at="2020-05-29T12:36:18 IST" duration-ms="284" status="PASS">
          <reporter-output>
          </reporter-output>
        </test-method> <!-- SingleUserNotFound -->
        <test-method signature="ListResource()[pri:4, instance:com.RestAssured.GetMethode@4fe767f3]" started-at="2020-05-29T12:36:18 IST" name="ListResource" finished-at="2020-05-29T12:36:18 IST" duration-ms="267" status="PASS">
          <reporter-output>
          </reporter-output>
        </test-method> <!-- ListResource -->
        <test-method signature="SingleResource()[pri:5, instance:com.RestAssured.GetMethode@4fe767f3]" started-at="2020-05-29T12:36:18 IST" name="SingleResource" finished-at="2020-05-29T12:36:18 IST" duration-ms="270" status="PASS">
          <reporter-output>
          </reporter-output>
        </test-method> <!-- SingleResource -->
        <test-method signature="SingleResourceNotFound()[pri:6, instance:com.RestAssured.GetMethode@4fe767f3]" started-at="2020-05-29T12:36:18 IST" name="SingleResourceNotFound" finished-at="2020-05-29T12:36:19 IST" duration-ms="866" status="PASS">
          <reporter-output>
          </reporter-output>
        </test-method> <!-- SingleResourceNotFound -->
        <test-method signature="delayResponse()[pri:7, instance:com.RestAssured.GetMethode@4fe767f3]" started-at="2020-05-29T12:36:19 IST" name="delayResponse" finished-at="2020-05-29T12:36:22 IST" duration-ms="2697" status="PASS">
          <reporter-output>
          </reporter-output>
        </test-method> <!-- delayResponse -->
      </class> <!-- com.RestAssured.GetMethode -->
    </test> <!-- Default test -->
  </suite> <!-- Default suite -->
</testng-results>
